2024-09-10 11:52:28 INFO  Utils:112 - [TestNG] Running:
  C:\Users\ADMIN\eclipse-workspace\GermanyCalling\testng.xml

2024-09-10 11:56:36 INFO  Utils:112 - [TestNG] Running:
  C:\Users\ADMIN\eclipse-workspace\GermanyCalling\testng.xml

2024-09-10 11:56:43 INFO  TC001_Login:16 - Test execution started....
2024-09-10 11:56:48 INFO  TC001_Login:24 - clicked login page....
2024-09-10 11:56:51 INFO  TC001_Login:43 - Test execution ended....
2024-09-10 11:56:51 INFO  TC001_Login:51 - Test execution started....
2024-09-10 11:56:54 INFO  TC001_Login:70 - Test execution ended....
2024-09-10 11:56:54 INFO  TC001_Login:77 - Test execution started....
2024-09-10 11:56:57 INFO  TC001_Login:98 - Test execution ended....
2024-09-10 11:56:57 INFO  TC001_Login:105 - Test execution started....
2024-09-10 11:57:00 INFO  TC001_Login:126 - Test execution ended....
2024-09-10 11:57:00 INFO  TC001_Login:132 - Test execution started....
2024-09-10 11:57:03 INFO  TC001_Login:153 - Test execution ended....
2024-09-10 12:09:03 INFO  Utils:112 - [TestNG] Running:
  C:\Users\ADMIN\eclipse-workspace\GermanyCalling\testng.xml

2024-09-10 12:09:10 INFO  TC001_Login:16 - Test execution started....
2024-09-10 12:09:14 INFO  TC001_Login:26 - clicked login page....
2024-09-10 12:09:17 INFO  TC001_Login:48 - Test execution ended....
2024-09-10 12:09:18 INFO  TC001_Login:56 - Test execution started....
2024-09-10 12:09:21 INFO  TC001_Login:77 - Test execution ended....
2024-09-10 12:09:21 INFO  TC001_Login:84 - Test execution started....
2024-09-10 12:09:24 INFO  TC001_Login:105 - Test execution ended....
2024-09-10 12:09:24 INFO  TC001_Login:112 - Test execution started....
2024-09-10 12:09:26 INFO  TC001_Login:133 - Test execution ended....
2024-09-10 12:09:26 INFO  TC001_Login:139 - Test execution started....
2024-09-10 12:09:29 INFO  TC001_Login:160 - Test execution ended....
